2023-01-22 23:12:38 [32minfo[39m: [32mListening on url http://localhost:3000[39m
2023-01-22 23:15:13 [32minfo[39m: [32mListening on url http://localhost:3000[39m
2023-01-26 20:41:12 [32minfo[39m: [32mListening on url http://localhost:3000[39m
2023-01-26 20:45:02 [32minfo[39m: [32mListening on url http://localhost:3000[39m
2023-01-26 20:49:23 [32minfo[39m: [32mListening on url http://localhost:3000[39m
2023-01-26 21:07:34 [32minfo[39m: [32mListening on url http://localhost:3000[39m
2023-01-26 21:10:14 [32minfo[39m: [32mListening on url http://localhost:3000[39m
2023-01-27 06:50:08 [32minfo[39m: [32mListening on url http://localhost:3000[39m
2023-01-27 19:47:07 [32minfo[39m: [32mListening on url http://localhost:3000[39m
2023-01-27 20:12:54 [32minfo[39m: [32mListening on url http://localhost:3000[39m
2023-01-27 20:24:18 [32minfo[39m: [32mListening on url http://localhost:3000[39m
2023-01-27 20:27:48 [32minfo[39m: [32mListening on url http://localhost:3000[39m
2023-01-27 20:31:30 [32minfo[39m: [32mListening on url http://localhost:3000[39m
2023-01-27 20:33:26 [32minfo[39m: [32mListening on url http://localhost:3000[39m
2023-01-27 20:36:56 [32minfo[39m: [32mListening on url http://localhost:3000[39m
2023-01-27 21:01:07 [32minfo[39m: [32mListening on url http://localhost:3000[39m
2023-01-29 01:43:16 [32minfo[39m: [32mListening on url http://localhost:3000[39m
2023-01-29 02:56:42 [32minfo[39m: [32mListening on url http://localhost:5000[39m
2023-01-29 01:57:23 [32minfo[39m: [32mListening on url http://localhost:3000[39m
2023-01-29 01:59:45 [32minfo[39m: [32mListening on url http://localhost:3000[39m
2023-01-29 02:01:25 [32minfo[39m: [32mListening on url http://localhost:3000[39m
2023-01-29 02:15:17 [32minfo[39m: [32mListening on url http://localhost:3000[39m
2023-01-29 03:18:10 [32minfo[39m: [32mListening on url http://localhost:5000[39m
2023-01-29 03:19:17 [32minfo[39m: [32mListening on url http://localhost:5000[39m
2023-01-29 02:20:15 [32minfo[39m: [32mListening on url http://localhost:3000[39m
2023-01-29 03:23:10 [32minfo[39m: [32mListening on url http://localhost:5000[39m
2023-01-29 02:24:07 [32minfo[39m: [32mListening on url http://localhost:3000[39m
2023-01-29 03:25:22 [32minfo[39m: [32mListening on url http://localhost:3000[39m
2023-01-29 03:25:47 [32minfo[39m: [32mListening on url http://localhost:3000[39m
2023-01-29 03:31:57 [32minfo[39m: [32mListening on url http://localhost:3000[39m
2023-01-29 03:33:33 [32minfo[39m: [32mListening on url http://localhost:3000[39m
2023-01-29 19:40:06 [32minfo[39m: [32mListening on url http://localhost:3000[39m
2023-01-29 19:46:54 [32minfo[39m: [32mListening on url http://localhost:3000[39m
2023-01-30 10:25:30 [32minfo[39m: [32mListening on url http://localhost:3000[39m
2023-01-30 10:30:57 [32minfo[39m: [32mListening on url http://localhost:3000[39m
2023-01-30 10:37:35 [32minfo[39m: [32mListening on url http://localhost:3000[39m
2023-01-30 11:07:48 [32minfo[39m: [32mListening on url http://localhost:3000[39m
2023-01-30 11:09:55 [31merror[39m: [31m[ 'phone must be a valid phone number' ][39m
2023-01-30 11:10:08 [31merror[39m: [31m[ 'phone must be a valid phone number' ][39m
2023-01-30 11:50:13 [32minfo[39m: [32mListening on url http://localhost:3000[39m
2023-01-30 11:56:05 [32minfo[39m: [32mListening on url http://localhost:3000[39m
2023-01-30 12:01:09 [32minfo[39m: [32mListening on url http://localhost:3000[39m
2023-01-31 13:39:13 [32minfo[39m: [32mListening on url http://localhost:3000[39m
2023-01-31 13:44:48 [32minfo[39m: [32mListening on url http://localhost:3000[39m
2023-01-31 18:01:35 [32minfo[39m: [32mListening on url http://localhost:3000[39m
2023-01-31 18:08:54 [32minfo[39m: [32mListening on url http://localhost:3000[39m
2023-01-31 17:19:32 [32minfo[39m: [32mListening on url http://localhost:3000[39m
2023-01-31 17:25:15 [32minfo[39m: [32mListening on url http://localhost:3000[39m
2023-01-31 18:26:44 [32minfo[39m: [32mListening on url http://localhost:3000[39m
2023-01-31 17:38:47 [32minfo[39m: [32mListening on url http://localhost:3000[39m
2023-01-31 18:05:48 [32minfo[39m: [32mListening on url http://localhost:3000[39m
2023-01-31 20:48:24 [32minfo[39m: [32mListening on url http://localhost:3000[39m
2023-01-31 20:49:00 [32minfo[39m: [32mListening on url http://localhost:3000[39m
2023-01-31 20:51:32 [32minfo[39m: [32mListening on url http://localhost:3000[39m
2023-01-31 20:53:50 [32minfo[39m: [32mListening on url http://localhost:3000[39m
2023-01-31 20:54:41 [32minfo[39m: [32mListening on url http://localhost:3000[39m
2023-01-31 20:55:29 [32minfo[39m: [32mListening on url http://localhost:3000[39m
2023-01-31 21:06:59 [32minfo[39m: [32mListening on url http://localhost:3000[39m
2023-02-01 05:59:15 [32minfo[39m: [32mListening on url http://localhost:3000[39m
2023-02-01 07:07:47 [32minfo[39m: [32mListening on url http://localhost:3000[39m
2023-02-01 07:11:03 [32minfo[39m: [32mListening on url http://localhost:3000[39m
2023-02-01 07:14:35 [32minfo[39m: [32mListening on url http://localhost:3000[39m
2023-02-01 07:16:18 [32minfo[39m: [32mListening on url http://localhost:3000[39m
2023-02-01 07:17:10 [32minfo[39m: [32mListening on url http://localhost:3000[39m
2023-02-01 07:17:31 [32minfo[39m: [32mListening on url http://localhost:3000[39m
2023-02-01 07:19:39 [32minfo[39m: [32mListening on url http://localhost:3000[39m
2023-02-01 07:20:12 [32minfo[39m: [32mListening on url http://localhost:3000[39m
2023-02-01 07:20:58 [32minfo[39m: [32mListening on url http://localhost:3000[39m
2023-02-01 07:21:27 [32minfo[39m: [32mListening on url http://localhost:3000[39m
2023-02-24 22:00:29 [32minfo[39m: [32mListening on url http://localhost:8080[39m
2023-02-24 22:00:32 [32minfo[39m: [32mConnected to Database Successsfully[39m
2023-02-24 23:31:26 [32minfo[39m: [32mListening on url http://localhost:8080[39m
2023-02-24 23:31:29 [31merror[39m: [31mError Connecting to Database Can't reach database server at `postgres`:`5432`[39m

[31mPlease make sure your database server is running at `postgres`:`5432`.[39m
2023-02-24 23:32:29 [32minfo[39m: [32mListening on url http://localhost:8080[39m
2023-02-24 23:32:29 [32minfo[39m: [32mConnected to Database Successsfully[39m
2023-02-24 23:33:31 [32minfo[39m: [32mListening on url http://localhost:8080[39m
2023-02-24 23:33:35 [31merror[39m: [31mError Connecting to Database Can't reach database server at `localhost`:`5432`[39m

[31mPlease make sure your database server is running at `localhost`:`5432`.[39m
2023-02-24 23:34:15 [32minfo[39m: [32mListening on url http://localhost:8080[39m
2023-02-24 23:34:15 [32minfo[39m: [32mConnected to Database Successsfully[39m
2023-02-25 00:20:34 [32minfo[39m: [32mListening on url http://localhost:8080[39m
2023-02-25 00:20:35 [32minfo[39m: [32mConnected to Database Successsfully[39m
2023-02-25 01:29:21 [32minfo[39m: [32mListening on url http://localhost:3000[39m
2023-02-25 01:29:21 [32minfo[39m: [32mConnected to Database Successsfully[39m
2023-02-25 01:36:01 [32minfo[39m: [32mListening on url http://localhost:3000[39m
2023-02-25 01:36:01 [32minfo[39m: [32mConnected to Database Successsfully[39m
2023-02-25 01:39:16 [32minfo[39m: [32mListening on url http://localhost:3000[39m
2023-02-25 01:39:16 [32minfo[39m: [32mConnected to Database Successsfully[39m
2023-02-25 01:41:03 [32minfo[39m: [32mListening on url http://localhost:3000[39m
2023-02-25 01:41:03 [32minfo[39m: [32mConnected to Database Successsfully[39m
2023-02-25 01:45:14 [32minfo[39m: [32mListening on url http://localhost:3000[39m
2023-02-25 01:45:14 [32minfo[39m: [32mConnected to Database Successsfully[39m
2023-02-25 01:49:05 [32minfo[39m: [32mListening on url http://localhost:3000[39m
2023-02-25 01:49:06 [32minfo[39m: [32mConnected to Database Successsfully[39m
2023-02-25 01:50:19 [32minfo[39m: [32mListening on url http://localhost:3000[39m
2023-02-25 01:50:19 [32minfo[39m: [32mConnected to Database Successsfully[39m
2023-02-25 01:50:48 [32minfo[39m: [32mListening on url http://localhost:3000[39m
2023-02-25 01:50:48 [32minfo[39m: [32mConnected to Database Successsfully[39m
2023-02-25 01:56:09 [32minfo[39m: [32mListening on url http://localhost:3000[39m
2023-02-25 01:56:09 [32minfo[39m: [32mConnected to Database Successsfully[39m
2023-02-25 01:57:26 [32minfo[39m: [32mListening on url http://localhost:3000[39m
2023-02-25 01:57:27 [32minfo[39m: [32mConnected to Database Successsfully[39m
2023-02-25 02:04:04 [32minfo[39m: [32mListening on url http://localhost:3000[39m
2023-02-25 02:04:04 [32minfo[39m: [32mConnected to Database Successsfully[39m
2023-02-25 02:06:36 [32minfo[39m: [32mListening on url http://localhost:3000[39m
2023-02-25 02:06:36 [32minfo[39m: [32mConnected to Database Successsfully[39m
2023-02-25 02:09:18 [32minfo[39m: [32mListening on url http://localhost:3000[39m
2023-02-25 02:09:18 [32minfo[39m: [32mConnected to Database Successsfully[39m
2023-02-25 02:10:34 [32minfo[39m: [32mListening on url http://localhost:3000[39m
2023-02-25 02:10:34 [32minfo[39m: [32mConnected to Database Successsfully[39m
2023-02-25 02:11:28 [32minfo[39m: [32mListening on url http://localhost:3000[39m
2023-02-25 02:11:28 [32minfo[39m: [32mConnected to Database Successsfully[39m
2023-02-25 02:20:31 [32minfo[39m: [32mListening on url http://localhost:3000[39m
2023-02-25 02:20:32 [32minfo[39m: [32mConnected to Database Successsfully[39m
2023-02-25 02:27:19 [32minfo[39m: [32mListening on url http://localhost:3000[39m
2023-02-25 02:27:20 [32minfo[39m: [32mConnected to Database Successsfully[39m
2023-02-25 02:32:26 [32minfo[39m: [32mListening on url http://localhost:3000[39m
2023-02-25 02:32:27 [32minfo[39m: [32mConnected to Database Successsfully[39m
2023-02-25 02:47:19 [32minfo[39m: [32mListening on url http://localhost:3000[39m
2023-02-25 02:47:19 [32minfo[39m: [32mConnected to Database Successsfully[39m
2023-02-25 02:48:51 [32minfo[39m: [32mListening on url http://localhost:3000[39m
2023-02-25 02:48:51 [32minfo[39m: [32mConnected to Database Successsfully[39m
2023-02-25 02:49:11 [32minfo[39m: [32mListening on url http://localhost:3000[39m
2023-02-25 02:49:11 [32minfo[39m: [32mConnected to Database Successsfully[39m
2023-02-25 12:48:24 [32minfo[39m: [32mListening on url http://localhost:3000[39m
2023-02-25 12:48:25 [32minfo[39m: [32mConnected to Database Successsfully[39m
2023-02-25 12:49:13 [32minfo[39m: [32mListening on url http://localhost:3000[39m
2023-02-25 12:49:13 [32minfo[39m: [32mConnected to Database Successsfully[39m
2023-02-25 12:52:00 [32minfo[39m: [32mListening on url http://localhost:3000[39m
2023-02-25 12:52:01 [32minfo[39m: [32mConnected to Database Successsfully[39m
2023-02-25 12:55:18 [32minfo[39m: [32mListening on url http://localhost:3000[39m
2023-02-25 12:55:19 [32minfo[39m: [32mConnected to Database Successsfully[39m
2023-02-25 12:55:48 [32minfo[39m: [32mListening on url http://localhost:3000[39m
2023-02-25 12:55:48 [32minfo[39m: [32mConnected to Database Successsfully[39m
2023-02-25 12:56:30 [32minfo[39m: [32mListening on url http://localhost:3000[39m
2023-02-25 12:56:30 [32minfo[39m: [32mConnected to Database Successsfully[39m
2023-02-25 12:56:51 [32minfo[39m: [32mListening on url http://localhost:3000[39m
2023-02-25 12:56:52 [32minfo[39m: [32mConnected to Database Successsfully[39m
2023-02-25 12:57:12 [32minfo[39m: [32mListening on url http://localhost:3000[39m
2023-02-25 12:57:12 [32minfo[39m: [32mConnected to Database Successsfully[39m
2023-02-25 12:57:32 [32minfo[39m: [32mListening on url http://localhost:3000[39m
2023-02-25 12:57:33 [32minfo[39m: [32mConnected to Database Successsfully[39m
2023-02-25 12:58:07 [32minfo[39m: [32mListening on url http://localhost:3000[39m
2023-02-25 12:58:07 [32minfo[39m: [32mConnected to Database Successsfully[39m
2023-02-25 12:58:41 [32minfo[39m: [32mListening on url http://localhost:3000[39m
2023-02-25 12:58:41 [32minfo[39m: [32mConnected to Database Successsfully[39m
2023-02-25 15:15:29 [32minfo[39m: [32mListening on url http://localhost:3000[39m
2023-02-25 15:15:30 [32minfo[39m: [32mConnected to Database Successsfully[39m
2023-02-25 15:26:08 [31merror[39m: [31mGoogle Oauth Credentials not Found [39m
2023-02-25 15:26:08 [32minfo[39m: [32mListening on url http://localhost:3000[39m
2023-02-25 15:26:09 [32minfo[39m: [32mConnected to Database Successsfully[39m
2023-02-25 15:26:22 [31merror[39m: [31mGoogle Oauth Credentials not Found [39m
2023-02-25 15:26:22 [32minfo[39m: [32mListening on url http://localhost:3000[39m
2023-02-25 15:26:22 [32minfo[39m: [32mConnected to Database Successsfully[39m
2023-02-25 15:26:45 [31merror[39m: [31mGoogle Oauth Credentials not Found [39m
2023-02-25 15:26:46 [32minfo[39m: [32mListening on url http://localhost:3000[39m
2023-02-25 15:26:46 [32minfo[39m: [32mConnected to Database Successsfully[39m
2023-02-25 15:34:11 [31merror[39m: [31mGoogle Oauth Credentials not Found [39m
2023-02-25 15:34:11 [32minfo[39m: [32mListening on url http://localhost:3000[39m
2023-02-25 15:34:11 [32minfo[39m: [32mConnected to Database Successsfully[39m
2023-02-25 15:45:32 [31merror[39m: [31mGoogle Oauth Credentials not Found [39m
2023-02-25 15:45:32 [32minfo[39m: [32mListening on url http://localhost:3000[39m
2023-02-25 15:45:32 [32minfo[39m: [32mConnected to Database Successsfully[39m
2023-02-25 15:46:38 [31merror[39m: [31mGoogle Oauth Credentials not Found [39m
2023-02-25 15:46:39 [32minfo[39m: [32mListening on url http://localhost:3000[39m
2023-02-25 15:46:39 [32minfo[39m: [32mConnected to Database Successsfully[39m
2023-02-25 15:48:39 [31merror[39m: [31mGoogle Oauth Credentials not Found or not Complete![39m
2023-02-25 15:48:40 [32minfo[39m: [32mListening on url http://localhost:3000[39m
2023-02-25 15:48:40 [32minfo[39m: [32mConnected to Database Successsfully[39m
2023-02-25 15:49:18 [31merror[39m: [31mGoogle Oauth Credentials not Found or not Complete![39m
2023-02-25 15:49:19 [32minfo[39m: [32mListening on url http://localhost:3000[39m
2023-02-25 15:49:19 [32minfo[39m: [32mConnected to Database Successsfully[39m
2023-02-25 15:50:37 [31merror[39m: [31mGoogle Oauth Credentials not Found or not Complete![39m
2023-02-25 15:50:37 [32minfo[39m: [32mListening on url http://localhost:3000[39m
2023-02-25 15:50:37 [32minfo[39m: [32mConnected to Database Successsfully[39m
2023-02-25 15:56:11 [32minfo[39m: [32mListening on url http://localhost:3000[39m
2023-02-25 15:56:11 [32minfo[39m: [32mConnected to Database Successsfully[39m
2023-02-25 15:57:43 [32minfo[39m: [32mListening on url http://localhost:3000[39m
2023-02-25 15:57:43 [32minfo[39m: [32mConnected to Database Successsfully[39m
2023-02-25 15:58:00 [32minfo[39m: [32mListening on url http://localhost:3000[39m
2023-02-25 15:58:00 [32minfo[39m: [32mConnected to Database Successsfully[39m
2023-02-25 15:58:20 [32minfo[39m: [32mListening on url http://localhost:3000[39m
2023-02-25 15:58:20 [32minfo[39m: [32mConnected to Database Successsfully[39m
2023-02-25 15:59:36 [32minfo[39m: [32mListening on url http://localhost:3000[39m
2023-02-25 15:59:37 [32minfo[39m: [32mConnected to Database Successsfully[39m
2023-02-25 16:00:01 [32minfo[39m: [32mListening on url http://localhost:3000[39m
2023-02-25 16:00:01 [32minfo[39m: [32mConnected to Database Successsfully[39m
2023-02-25 16:02:34 [32minfo[39m: [32mListening on url http://localhost:3000[39m
2023-02-25 16:02:36 [32minfo[39m: [32mConnected to Database Successsfully[39m
2023-02-25 16:02:49 [32minfo[39m: [32mListening on url http://localhost:3000[39m
2023-02-25 16:02:49 [32minfo[39m: [32mConnected to Database Successsfully[39m
2023-02-25 16:12:33 [32minfo[39m: [32mListening on url http://localhost:3000[39m
2023-02-25 16:12:33 [32minfo[39m: [32mConnected to Database Successsfully[39m
2023-02-25 16:12:52 [32minfo[39m: [32mListening on url http://localhost:3000[39m
2023-02-25 16:12:52 [32minfo[39m: [32mConnected to Database Successsfully[39m
